This is XeTeX, Version 3.141592653-2.6-0.999997 (TeX Live 2025) (preloaded format=xelatex 2025.12.16)  22 APR 2026 19:38
entering extended mode
 restricted \write18 enabled.
 %&-line parsing enabled.
**blog_zh.tex
(./blog_zh.tex
LaTeX2e <2024-11-01> patch level 2
L3 programming layer <2025-01-18>
(./pkuai4m.cls
Document Class: pkuai4m 
(c:/texlive/2025/texmf-dist/tex/latex/base/article.cls
Document Class: article 2024/06/29 v1.4n Standard LaTeX document class
(c:/texlive/2025/texmf-dist/tex/latex/base/size10.clo
File: size10.clo 2024/06/29 v1.4n Standard LaTeX file (size option)
)
\c@part=\count192
\c@section=\count193
\c@subsection=\count194
\c@subsubsection=\count195
\c@paragraph=\count196
\c@subparagraph=\count197
\c@figure=\count198
\c@table=\count199
\abovecaptionskip=\skip49
\belowcaptionskip=\skip50
\bibindent=\dimen141
)
! Undefined control sequence.
<recently read> \pdfoutput 
                           
l.7 \pdfoutput
              =1
? 
! Emergency stop.
<recently read> \pdfoutput 
                           
l.7 \pdfoutput
              =1
End of file on the terminal!

 
Here is how much of TeX's memory you used:
 247 strings out of 473832
 3081 string characters out of 5733157
 386383 words of memory out of 5000000
 23401 multiletter control sequences out of 15000+600000
 558845 words of font info for 37 fonts, out of 8000000 for 9000
 1348 hyphenation exceptions out of 8191
 49i,0n,52p,139b,40s stack positions out of 10000i,1000n,20000p,200000b,200000s
No pages of output.
