\BOOKMARK [1][-]{figure.caption.2}{\376\377\144\130\211\201}{}% 1
\BOOKMARK [1][-]{figure.caption.2}{\376\377\000A\000B\000S\000T\000R\000A\000C\000T}{}% 2
\BOOKMARK [1][-]{section.1}{\376\377\176\352\213\272}{}% 3
\BOOKMARK [2][-]{subsection.1.1}{\376\377\170\024\172\166\200\314\146\157}{section.1}% 4
\BOOKMARK [2][-]{subsection.1.2}{\376\377\147\054\145\207\116\073\211\201\170\024\172\166\121\205\133\271}{section.1}% 5
\BOOKMARK [2][-]{subsection.1.3}{\376\377\147\054\145\207\170\024\172\166\141\017\116\111}{section.1}% 6
\BOOKMARK [2][-]{subsection.1.4}{\376\377\147\054\172\340\134\017\176\323}{section.1}% 7
\BOOKMARK [1][-]{section.2}{\376\377\000A\000I\000\040\145\160\133\146\213\301\146\016\147\000\145\260\163\260\162\266\124\214\166\370\121\163\135\345\117\134}{}% 8
\BOOKMARK [2][-]{subsection.2.1}{\376\377\201\352\161\066\213\355\212\000\143\250\164\006}{section.2}% 9
\BOOKMARK [2][-]{subsection.2.2}{\376\377\137\142\137\017\123\026\213\301\146\016\143\250\164\006}{section.2}% 10
\BOOKMARK [2][-]{subsection.2.3}{\376\377\147\054\172\340\134\017\176\323}{section.2}% 11
\BOOKMARK [1][-]{section.3}{\376\377\000M\000o\000r\000d\000e\000l\000l\000\040\145\271\172\013\166\370\121\163\124\175\230\230\166\204\000\040\000L\000e\000a\000n\000\040\0004\000\040\137\142\137\017\123\026\133\236\163\260}{}% 12
\BOOKMARK [2][-]{subsection.3.1}{\376\377\000M\000o\000r\000d\000e\000l\000l\000\040\145\271\172\013\151\202\217\360}{section.3}% 13
\BOOKMARK [2][-]{subsection.3.2}{\376\377\117\177\165\050\166\204\116\073\211\201\176\323\213\272}{section.3}% 14
\BOOKMARK [2][-]{subsection.3.3}{\376\377\116\316\121\103\175\040\122\006\211\343\122\060\164\006\140\363\122\006\211\343}{section.3}% 15
\BOOKMARK [2][-]{subsection.3.4}{\376\377\000D\000e\000d\000e\000k\000i\000n\000d\000\040\147\141\116\366\116\016\116\222\175\040\140\047}{section.3}% 16
\BOOKMARK [2][-]{subsection.3.5}{\376\377\174\173\177\244\116\013\226\115}{section.3}% 17
\BOOKMARK [2][-]{subsection.3.6}{\376\377\174\173\177\244\213\241\173\227}{section.3}% 18
\BOOKMARK [3][-]{subsubsection.3.6.1}{\376\377\000d\000=\000-\0001\000\040\116\016\000\040\000d\000=\000-\0002\000\040\166\204\140\305\137\142}{subsection.3.6}% 19
\BOOKMARK [3][-]{subsubsection.3.6.2}{\376\377\000d\000=\000-\0005\000,\000-\0006\000,\000-\0001\0003\000\040\166\204\147\011\226\120\164\006\140\363\174\173\116\343\210\150}{subsection.3.6}% 20
\BOOKMARK [3][-]{subsubsection.3.6.3}{\376\377\147\011\226\120\116\343\210\150\166\204\122\006\174\173}{subsection.3.6}% 21
\BOOKMARK [2][-]{subsection.3.7}{\376\377\121\167\117\123\145\164\145\160\211\343\166\204\154\102\211\343}{section.3}% 22
\BOOKMARK [2][-]{subsection.3.8}{\376\377\147\054\172\340\134\017\176\323}{section.3}% 23
\BOOKMARK [1][-]{section.4}{\376\377\210\145\121\105\213\364\146\016}{}% 24
\BOOKMARK [2][-]{subsection.4.1}{\376\377\137\142\137\017\123\026\176\323\147\234\151\202\217\360}{section.4}% 25
\BOOKMARK [2][-]{subsection.4.2}{\376\377\116\272\135\345\146\172\200\375\217\205\122\251\137\142\137\017\123\026}{section.4}% 26
\BOOKMARK [2][-]{subsection.4.3}{\376\377\147\054\172\340\134\017\176\323}{section.4}% 27
\BOOKMARK [1][-]{section.5}{\376\377\000A\000I\000\040\217\205\122\251\000\040\000L\000e\000a\000n\000\040\137\142\137\017\123\026\133\236\232\214\116\016\176\323\147\234\122\006\147\220}{}% 28
\BOOKMARK [2][-]{subsection.5.1}{\376\377\135\345\117\134\155\101\172\013}{section.5}% 29
\BOOKMARK [2][-]{subsection.5.2}{\376\377\116\373\122\241\176\247\213\304\116\367\116\016\176\323\147\234\122\006\147\220}{section.5}% 30
\BOOKMARK [3][-]{subsubsection.5.2.1}{\376\377\145\160\143\156\145\066\226\306\116\016\150\007\154\350}{subsection.5.2}% 31
\BOOKMARK [3][-]{subsubsection.5.2.2}{\376\377\176\323\147\234}{subsection.5.2}% 32
\BOOKMARK [2][-]{subsection.5.3}{\376\377\213\250\213\272}{section.5}% 33
\BOOKMARK [3][-]{subsubsection.5.3.1}{\376\377\130\153\210\145\137\142\137\017\123\026\176\306\202\202}{subsection.5.3}% 34
\BOOKMARK [3][-]{subsubsection.5.3.2}{\376\377\150\071\143\156\123\315\231\210\117\356\131\015\213\301\146\016}{subsection.5.3}% 35
\BOOKMARK [3][-]{subsubsection.5.3.3}{\376\377\133\373\142\176\146\377\116\343\213\301\146\016\215\357\137\204}{subsection.5.3}% 36
\BOOKMARK [3][-]{subsubsection.5.3.4}{\376\377\217\307\136\246\144\034\175\042\116\016\166\356\150\007\157\002\171\373}{subsection.5.3}% 37
\BOOKMARK [3][-]{subsubsection.5.3.5}{\376\377\116\012\116\013\145\207\150\300\175\042\131\061\215\045}{subsection.5.3}% 38
\BOOKMARK [3][-]{subsubsection.5.3.6}{\376\377\116\343\170\001\215\050\221\317\116\016\123\357\176\364\142\244\140\047}{subsection.5.3}% 39
\BOOKMARK [2][-]{subsection.5.4}{\376\377\147\054\172\340\134\017\176\323}{section.5}% 40
\BOOKMARK [1][-]{section.6}{\376\377\176\323\213\272\116\016\134\125\147\033}{}% 41
\BOOKMARK [2][-]{subsection.6.1}{\376\377\116\073\211\201\215\041\163\056}{section.6}% 42
\BOOKMARK [2][-]{subsection.6.2}{\376\377\116\015\215\263\116\113\131\004}{section.6}% 43
\BOOKMARK [2][-]{subsection.6.3}{\376\377\147\052\147\145\134\125\147\033}{section.6}% 44
\BOOKMARK [1][-]{subsection.6.3}{\376\377\123\302\200\003\145\207\163\056}{}% 45
\BOOKMARK [1][-]{subsection.6.3}{\376\377\226\104\137\125\000A\377\032\000M\000o\000r\000d\000e\000l\000l\000\040\116\073\133\232\164\006\166\204\213\346\176\306\143\250\133\374}{}% 46
\BOOKMARK [1][-]{subsection.6.3}{\376\377\226\104\137\125\000B\377\032\213\304\116\367\150\106\147\266}{}% 47
\BOOKMARK [1][-]{table.caption.11}{\376\377\226\104\137\125\000C\377\032\147\011\226\120\116\343\210\150\166\204\122\006\174\173\213\301\146\016}{}% 48
\BOOKMARK [1][-]{paragraph*.17}{\376\377\226\104\137\125\000D\377\032\220\032\217\307\000\040\000C\000o\000m\000p\000a\000r\000a\000t\000o\000r\000\040\217\333\210\114\130\360\146\016\232\214\213\301}{}% 49
\BOOKMARK [1][-]{paragraph*.17}{\376\377\226\104\137\125\000E\377\032\116\073\211\201\213\301\146\016\133\232\164\006\116\016\000\040\000L\000e\000a\000n\000\040\137\142\137\017\123\026\133\371\136\224\121\163\174\373}{}% 50
\BOOKMARK [1][-]{table.6.3}{\376\377\226\104\137\125\000F\377\032\230\171\166\356\116\016\204\335\126\376\127\060\127\100}{}% 51
\BOOKMARK [1][-]{table.6.3}{\376\377\201\364\214\042}{}% 52
\BOOKMARK [1][-]{table.6.3}{\376\377\123\237\122\033\140\047\130\360\146\016\124\214\117\177\165\050\143\210\147\103\116\146}{}% 53
