\BOOKMARK [1][-]{figure.caption.2}{\376\377\144\130\211\201}{}% 1
\BOOKMARK [1][-]{figure.caption.2}{\376\377\000A\000B\000S\000T\000R\000A\000C\000T}{}% 2
\BOOKMARK [1][-]{section.1}{\376\377\176\352\213\272}{}% 3
\BOOKMARK [2][-]{subsection.1.1}{\376\377\137\025\212\000}{section.1}% 4
\BOOKMARK [2][-]{subsection.1.2}{\376\377\147\054\145\207\116\073\211\201\170\024\172\166\121\205\133\271}{section.1}% 5
\BOOKMARK [2][-]{subsection.1.3}{\376\377\147\054\145\207\170\024\172\166\141\017\116\111}{section.1}% 6
\BOOKMARK [2][-]{subsection.1.4}{\376\377\147\054\172\340\134\017\176\323}{section.1}% 7
\BOOKMARK [1][-]{section.2}{\376\377\153\143\145\207\145\207\133\127\150\074\137\017}{}% 8
\BOOKMARK [2][-]{subsection.2.1}{\376\377\213\272\145\207\153\143\145\207}{section.2}% 9
\BOOKMARK [2][-]{subsection.2.2}{\376\377\133\127\145\160\211\201\154\102}{section.2}% 10
\BOOKMARK [3][-]{subsubsection.2.2.1}{\376\377\147\054\171\321\213\272\145\207\133\127\145\160\211\201\154\102}{subsection.2.2}% 11
\BOOKMARK [2][-]{subsection.2.3}{\376\377\147\054\172\340\134\017\176\323}{section.2}% 12
\BOOKMARK [1][-]{section.3}{\376\377\126\376\210\150\060\001\121\154\137\017\150\074\137\017}{}% 13
\BOOKMARK [2][-]{subsection.3.1}{\376\377\126\376\210\150\150\074\137\017}{section.3}% 14
\BOOKMARK [2][-]{subsection.3.2}{\376\377\121\154\137\017\150\074\137\017}{section.3}% 15
\BOOKMARK [2][-]{subsection.3.3}{\376\377\147\054\172\340\134\017\176\323}{section.3}% 16
\BOOKMARK [1][-]{section.4}{\376\377\176\323\213\272\116\016\134\125\147\033}{}% 17
\BOOKMARK [2][-]{subsection.4.1}{\376\377\116\073\211\201\176\323\213\272}{section.4}% 18
\BOOKMARK [2][-]{subsection.4.2}{\376\377\170\024\172\166\134\125\147\033}{section.4}% 19
\BOOKMARK [1][-]{subsection.4.2}{\376\377\123\302\200\003\145\207\163\056}{}% 20
\BOOKMARK [1][-]{subsection.4.2}{\376\377\226\104\137\125\000A\377\032\000X\000X\121\154\137\017\166\204\143\250\133\374}{}% 21
\BOOKMARK [1][-]{subsection.4.2}{\376\377\201\364\214\042}{}% 22
\BOOKMARK [1][-]{subsection.4.2}{\376\377\123\237\122\033\140\047\130\360\146\016\124\214\117\177\165\050\143\210\147\103\116\146}{}% 23
