\BOOKMARK [1][-]{section*.1}{\376\377\000A\000b\000s\000t\000r\000a\000c\000t}{}% 1
\BOOKMARK [1][-]{section.1}{\376\377\0001\000\040\173\200\116\313}{}% 2
\BOOKMARK [1][-]{section.2}{\376\377\0002\000\040\145\160\133\146\200\314\146\157}{}% 3
\BOOKMARK [1][-]{section.3}{\376\377\0003\000\040\116\214\153\041\163\257\116\016\116\214\153\041\127\337}{}% 4
\BOOKMARK [2][-]{subsection.3.1}{\376\377\0003\000.\0001\000\040\000Z\000[\000]\000\040\123\005\124\053\116\216\000\040\000Q\000\050\000\051\000\040\116\055}{section.3}% 5
\BOOKMARK [2][-]{subsection.3.2}{\376\377\0003\000.\0002\000\040\145\164\145\160\163\257\116\016\000\040\000D\000e\000d\000e\000k\000i\000n\000d\000\040\163\257}{section.3}% 6
\BOOKMARK [1][-]{section.4}{\376\377\0004\000\040\174\173\177\244\213\241\173\227}{}% 7
\BOOKMARK [2][-]{subsection.4.1}{\376\377\0004\000.\0001\000\040\116\012\165\114}{section.4}% 8
\BOOKMARK [2][-]{subsection.4.2}{\376\377\0004\000.\0002\000\040\116\013\165\114}{section.4}% 9
\BOOKMARK [2][-]{subsection.4.3}{\376\377\0004\000.\0003\000\040\146\076\137\017\176\323\147\234}{section.4}% 10
\BOOKMARK [2][-]{subsection.4.4}{\376\377\0004\000.\0004\000\040\121\166\116\326\123\357\200\375\166\204\145\271\154\325}{section.4}% 11
\BOOKMARK [1][-]{section.5}{\376\377\0005\000\040\000M\000o\000r\000d\000e\000l\000l\000\040\145\271\172\013\166\204\146\076\137\017\211\343}{}% 12
\BOOKMARK [2][-]{subsection.5.1}{\376\377\0005\000.\0001\000\040\137\142\137\017\123\026\000\040\000M\000o\000r\000d\000e\000l\000l\000\040\145\271\172\013\166\204\211\343}{section.5}% 13
\BOOKMARK [2][-]{subsection.5.2}{\376\377\0005\000.\0002\000\040\122\035\173\111\124\214\151\055\127\006\146\362\176\277\145\271\154\325}{section.5}% 14
\BOOKMARK [1][-]{section.6}{\376\377\0006\000\040\213\241\173\227\173\126\165\145}{}% 15
\BOOKMARK [2][-]{subsection.6.1}{\376\377\0006\000.\0001\000\040\000q\000u\000a\000d\000r\000i\000n\000g\000.\000c\000a\000l\000c\000t\000a\000c}{section.6}% 16
\BOOKMARK [2][-]{subsection.6.2}{\376\377\0006\000.\0002\000\040\116\130\154\325\210\150\000\040\000\050\000T\000i\000m\000e\000s\000\040\000t\000a\000b\000l\000e\000s\000\051}{section.6}% 17
\BOOKMARK [1][-]{section.7}{\376\377\0007\000\040\217\336\143\245\122\060\213\241\173\227\147\072\116\343\145\160\174\373\176\337}{}% 18
\BOOKMARK [1][-]{section.8}{\376\377\0008\000\040\213\250\213\272}{}% 19
\BOOKMARK [2][-]{subsection.8.1}{\376\377\0008\000.\0001\000\040\147\052\147\145\135\345\117\134}{section.8}% 20
\BOOKMARK [2][-]{subsection.8.2}{\376\377\0008\000.\0002\000\040\166\370\121\163\135\345\117\134}{section.8}% 21
\BOOKMARK [2][-]{subsection.8.3}{\376\377\0008\000.\0003\000\040\176\323\213\272}{section.8}% 22
\BOOKMARK [1][-]{section*.6}{\376\377\000A\000c\000k\000n\000o\000w\000l\000e\000d\000g\000m\000e\000n\000t\000s}{}% 23
\BOOKMARK [1][-]{appendix.A}{\376\377\000A\000\040\226\104\137\125\377\032\213\277\225\356\174\373\176\337}{}% 24
\BOOKMARK [1][-]{appendix.B}{\376\377\000B\000\040\226\104\137\125\377\032\165\050\116\216\122\006\211\343\126\340\137\017\166\204\000\040\000C\000A\000S\000\040\213\244\213\301\173\126\165\145\171\072\117\213}{}% 25
\BOOKMARK [1][-]{section*.8}{\376\377\000R\000e\000f\000e\000r\000e\000n\000c\000e\000s}{}% 26
